[1030/110320.433:ERROR:directory_reader_win.cc(43)] FindFirstFile: The system cannot find the path specified. (0x3)
[1102/141439.788:ERROR:directory_reader_win.cc(43)] FindFirstFile: The system cannot find the path specified. (0x3)
[1105/193056.834:ERROR:directory_reader_win.cc(43)] FindFirstFile: The system cannot find the path specified. (0x3)
[1112/013803.005:ERROR:directory_reader_win.cc(43)] FindFirstFile: The system cannot find the path specified. (0x3)
[1112/144320.141:ERROR:directory_reader_win.cc(43)] FindFirstFile: The system cannot find the path specified. (0x3)
[1114/192130.736:ERROR:directory_reader_win.cc(43)] FindFirstFile: The system cannot find the path specified. (0x3)
[1117/190835.614:ERROR:directory_reader_win.cc(43)] FindFirstFile: The system cannot find the path specified. (0x3)
[1126/082248.658:ERROR:directory_reader_win.cc(43)] FindFirstFile: The system cannot find the path specified. (0x3)
[1127/172955.270:ERROR:directory_reader_win.cc(43)] FindFirstFile: The system cannot find the path specified. (0x3)
[1202/134607.113:ERROR:directory_reader_win.cc(43)] FindFirstFile: The system cannot find the path specified. (0x3)
[1206/181748.489:ERROR:directory_reader_win.cc(43)] FindFirstFile: The system cannot find the path specified. (0x3)
[1206/181748.868:ERROR:filesystem_win.cc(129)] GetFileAttributes C:\Users\Tanja\AppData\Local\AVG\Browser\User Data\Crashpad\attachments\a78d0fa1-b6e7-46d8-b88e-8b2eb8e4a7f7: The system cannot find the path specified. (0x3)
[1206/181748.887:ERROR:filesystem_win.cc(129)] GetFileAttributes C:\Users\Tanja\AppData\Local\AVG\Browser\User Data\Crashpad\attachments\97d73020-4ee3-4e6c-b23b-74abef0e607d: The system cannot find the path specified. (0x3)
[1206/181748.887:ERROR:filesystem_win.cc(129)] GetFileAttributes C:\Users\Tanja\AppData\Local\AVG\Browser\User Data\Crashpad\attachments\cab7435b-e540-42bf-bbfd-a1ce52dd2ec5: The system cannot find the path specified. (0x3)
[1206/181748.896:ERROR:filesystem_win.cc(129)] GetFileAttributes C:\Users\Tanja\AppData\Local\AVG\Browser\User Data\Crashpad\attachments\c6e589e9-114e-4e3b-be4e-d3de56c7d3de: The system cannot find the path specified. (0x3)
[1206/181748.902:ERROR:filesystem_win.cc(129)] GetFileAttributes C:\Users\Tanja\AppData\Local\AVG\Browser\User Data\Crashpad\attachments\5b342627-f544-44b7-934a-3472ea886df0: The system cannot find the path specified. (0x3)
[1206/181748.902:ERROR:filesystem_win.cc(129)] GetFileAttributes C:\Users\Tanja\AppData\Local\AVG\Browser\User Data\Crashpad\attachments\4ace9ef0-d479-42d7-a356-3e019d9c8507: The system cannot find the path specified. (0x3)
[1206/181748.910:ERROR:filesystem_win.cc(129)] GetFileAttributes C:\Users\Tanja\AppData\Local\AVG\Browser\User Data\Crashpad\attachments\a508c510-5269-40a0-913e-9adb0ab1fbf3: The system cannot find the path specified. (0x3)
[1206/181748.914:ERROR:filesystem_win.cc(129)] GetFileAttributes C:\Users\Tanja\AppData\Local\AVG\Browser\User Data\Crashpad\attachments\c2d952fb-2734-41cc-8ca2-ede8bc52123e: The system cannot find the path specified. (0x3)
[1206/181748.915:ERROR:filesystem_win.cc(129)] GetFileAttributes C:\Users\Tanja\AppData\Local\AVG\Browser\User Data\Crashpad\attachments\f0a345c5-67c8-4671-95d3-47742f048a47: The system cannot find the path specified. (0x3)
[1206/181748.923:ERROR:filesystem_win.cc(129)] GetFileAttributes C:\Users\Tanja\AppData\Local\AVG\Browser\User Data\Crashpad\attachments\be3ea7b0-d0bb-44c6-84d4-596bb740087c: The system cannot find the path specified. (0x3)
[1206/181748.926:ERROR:filesystem_win.cc(129)] GetFileAttributes C:\Users\Tanja\AppData\Local\AVG\Browser\User Data\Crashpad\attachments\03834020-2f63-447a-9b2e-5b5fb6f82d7b: The system cannot find the path specified. (0x3)
[1206/181748.926:ERROR:filesystem_win.cc(129)] GetFileAttributes C:\Users\Tanja\AppData\Local\AVG\Browser\User Data\Crashpad\attachments\2d6bba73-914a-41fb-bde8-a70703ab8811: The system cannot find the path specified. (0x3)
[1206/181748.930:ERROR:filesystem_win.cc(129)] GetFileAttributes C:\Users\Tanja\AppData\Local\AVG\Browser\User Data\Crashpad\attachments\0c480b67-1125-45a0-928e-90cdf0f3b464: The system cannot find the path specified. (0x3)
[1206/181748.932:ERROR:filesystem_win.cc(129)] GetFileAttributes C:\Users\Tanja\AppData\Local\AVG\Browser\User Data\Crashpad\attachments\32b0d5eb-00cd-411a-863c-e1a1d030ea4b: The system cannot find the path specified. (0x3)
[1206/181748.934:ERROR:filesystem_win.cc(129)] GetFileAttributes C:\Users\Tanja\AppData\Local\AVG\Browser\User Data\Crashpad\attachments\893afc1f-5323-4d14-af50-f7d75f60ddd7: The system cannot find the path specified. (0x3)
[1206/181748.936:ERROR:filesystem_win.cc(129)] GetFileAttributes C:\Users\Tanja\AppData\Local\AVG\Browser\User Data\Crashpad\attachments\69240ff4-2f2a-4088-8b83-a380a11bb9e3: The system cannot find the path specified. (0x3)
[1206/181748.937:ERROR:filesystem_win.cc(129)] GetFileAttributes C:\Users\Tanja\AppData\Local\AVG\Browser\User Data\Crashpad\attachments\6a957486-1ce0-4324-92b9-d5a419a1292d: The system cannot find the path specified. (0x3)
[1206/181748.940:ERROR:filesystem_win.cc(129)] GetFileAttributes C:\Users\Tanja\AppData\Local\AVG\Browser\User Data\Crashpad\attachments\baf81542-4efa-4728-aadc-0a9d177e3e65: The system cannot find the path specified. (0x3)
[1206/181748.941:ERROR:filesystem_win.cc(129)] GetFileAttributes C:\Users\Tanja\AppData\Local\AVG\Browser\User Data\Crashpad\attachments\b33dffae-37bf-4bdc-afec-672eaef06513: The system cannot find the path specified. (0x3)
[1206/181748.943:ERROR:filesystem_win.cc(129)] GetFileAttributes C:\Users\Tanja\AppData\Local\AVG\Browser\User Data\Crashpad\attachments\a64a0e60-89e6-4ebb-963c-d218a8aec70d: The system cannot find the path specified. (0x3)
[1206/181748.944:ERROR:filesystem_win.cc(129)] GetFileAttributes C:\Users\Tanja\AppData\Local\AVG\Browser\User Data\Crashpad\attachments\806d3823-830e-4986-8993-623399fa234d: The system cannot find the path specified. (0x3)
[1206/181748.945:ERROR:filesystem_win.cc(129)] GetFileAttributes C:\Users\Tanja\AppData\Local\AVG\Browser\User Data\Crashpad\attachments\e3131832-bbb6-483a-9eed-87c5f90441ad: The system cannot find the path specified. (0x3)
[1207/142612.641:ERROR:directory_reader_win.cc(43)] FindFirstFile: The system cannot find the path specified. (0x3)
[1208/165019.582:ERROR:directory_reader_win.cc(43)] FindFirstFile: The system cannot find the path specified. (0x3)
